<?xml version="1.0" encoding="utf-8"?><testsuites name="pytest tests"><testsuite name="pytest" errors="0" failures="0" skipped="0" tests="8" time="0.902" timestamp="2026-05-05T10:35:13.150228+00:00" hostname="agent-env-a6fe75dc-e2e2-4744-98d5-d2be2566db57"><testcase classname="backend.tests.backend_test.TestRoot" name="test_root_ok" time="0.242" /><testcase classname="backend.tests.backend_test.TestContact" name="test_create_contact_and_persist" time="0.103" /><testcase classname="backend.tests.backend_test.TestContact" name="test_create_contact_without_subject" time="0.048" /><testcase classname="backend.tests.backend_test.TestContact" name="test_contact_invalid_email_422" time="0.054" /><testcase classname="backend.tests.backend_test.TestContact" name="test_contact_missing_fields_422" time="0.049" /><testcase classname="backend.tests.backend_test.TestNewsletter" name="test_subscribe_and_idempotent" time="0.139" /><testcase classname="backend.tests.backend_test.TestNewsletter" name="test_newsletter_invalid_email_422" time="0.044" /><testcase classname="backend.tests.backend_test.TestNewsletter" name="test_newsletter_missing_email_422" time="0.048" /></testsuite></testsuites>